NOTE: Picked up JDK_JAVA_OPTIONS:  --add-opens=java.base/java.lang=ALL-UNNAMED --add-opens=java.base/java.io=ALL-UNNAMED --add-opens=java.base/java.util=ALL-UNNAMED --add-opens=java.base/java.util.concurrent=ALL-UNNAMED --add-opens=java.rmi/sun.rmi.transport=ALL-UNNAMED
OpenJDK 64-Bit Server VM warning: Sharing is only supported for boot loader classes because bootstrap classpath has been appended
[otel.javaagent 2023-06-04 23:26:09:388 +0800] [main] INFO io.opentelemetry.javaagent.tooling.VersionLogger - opentelemetry-javaagent - version: 1.26.0
04-Jun-2023 23:26:17.696 INFO [main] org.apache.catalina.startup.VersionLoggerListener.log Server version name:   Apache Tomcat/9.0.70
04-Jun-2023 23:26:17.713 INFO [main] org.apache.catalina.startup.VersionLoggerListener.log Server built:          Dec 1 2022 14:05:47 UTC
04-Jun-2023 23:26:17.714 INFO [main] org.apache.catalina.startup.VersionLoggerListener.log Server version number: 9.0.70.0
04-Jun-2023 23:26:17.714 INFO [main] org.apache.catalina.startup.VersionLoggerListener.log OS Name:               Linux
04-Jun-2023 23:26:17.715 INFO [main] org.apache.catalina.startup.VersionLoggerListener.log OS Version:            5.19.0-41-generic
04-Jun-2023 23:26:17.715 INFO [main] org.apache.catalina.startup.VersionLoggerListener.log Architecture:          amd64
04-Jun-2023 23:26:17.715 INFO [main] org.apache.catalina.startup.VersionLoggerListener.log Java Home:             /usr/lib/jvm/java-19-openjdk-amd64
04-Jun-2023 23:26:17.715 INFO [main] org.apache.catalina.startup.VersionLoggerListener.log JVM Version:           19.0.2+7-Ubuntu-0ubuntu322.04
04-Jun-2023 23:26:17.722 INFO [main] org.apache.catalina.startup.VersionLoggerListener.log JVM Vendor:            Private Build
04-Jun-2023 23:26:17.723 INFO [main] org.apache.catalina.startup.VersionLoggerListener.log CATALINA_BASE:         /home/roy/Codes/Monographic/jpetstore-6/main/target/cargo/installs/apache-tomcat-9.0.70/apache-tomcat-9.0.70
04-Jun-2023 23:26:17.724 INFO [main] org.apache.catalina.startup.VersionLoggerListener.log CATALINA_HOME:         /home/roy/Codes/Monographic/jpetstore-6/main/target/cargo/installs/apache-tomcat-9.0.70/apache-tomcat-9.0.70
04-Jun-2023 23:26:17.724 INFO [main] org.apache.catalina.startup.VersionLoggerListener.log Command line argument: --add-opens=java.base/java.lang=ALL-UNNAMED
04-Jun-2023 23:26:17.725 INFO [main] org.apache.catalina.startup.VersionLoggerListener.log Command line argument: --add-opens=java.base/java.io=ALL-UNNAMED
04-Jun-2023 23:26:17.725 INFO [main] org.apache.catalina.startup.VersionLoggerListener.log Command line argument: --add-opens=java.base/java.util=ALL-UNNAMED
04-Jun-2023 23:26:17.725 INFO [main] org.apache.catalina.startup.VersionLoggerListener.log Command line argument: --add-opens=java.base/java.util.concurrent=ALL-UNNAMED
04-Jun-2023 23:26:17.725 INFO [main] org.apache.catalina.startup.VersionLoggerListener.log Command line argument: --add-opens=java.rmi/sun.rmi.transport=ALL-UNNAMED
04-Jun-2023 23:26:17.726 INFO [main] org.apache.catalina.startup.VersionLoggerListener.log Command line argument: -Djava.util.logging.config.file=/home/roy/Codes/Monographic/jpetstore-6/main/target/cargo/installs/apache-tomcat-9.0.70/apache-tomcat-9.0.70/conf/logging.properties
04-Jun-2023 23:26:17.726 INFO [main] org.apache.catalina.startup.VersionLoggerListener.log Command line argument: -Djava.util.logging.manager=org.apache.juli.ClassLoaderLogManager
04-Jun-2023 23:26:17.727 INFO [main] org.apache.catalina.startup.VersionLoggerListener.log Command line argument: -Djdk.tls.ephemeralDHKeySize=2048
04-Jun-2023 23:26:17.728 INFO [main] org.apache.catalina.startup.VersionLoggerListener.log Command line argument: -Djava.protocol.handler.pkgs=org.apache.catalina.webresources
04-Jun-2023 23:26:17.729 INFO [main] org.apache.catalina.startup.VersionLoggerListener.log Command line argument: -Dorg.apache.catalina.security.SecurityListener.UMASK=0027
04-Jun-2023 23:26:17.729 INFO [main] org.apache.catalina.startup.VersionLoggerListener.log Command line argument: -javaagent:./opentelemetry-javaagent.jar
04-Jun-2023 23:26:17.729 INFO [main] org.apache.catalina.startup.VersionLoggerListener.log Command line argument: -Dignore.endorsed.dirs=
04-Jun-2023 23:26:17.730 INFO [main] org.apache.catalina.startup.VersionLoggerListener.log Command line argument: -Dcatalina.base=/home/roy/Codes/Monographic/jpetstore-6/main/target/cargo/installs/apache-tomcat-9.0.70/apache-tomcat-9.0.70
04-Jun-2023 23:26:17.737 INFO [main] org.apache.catalina.startup.VersionLoggerListener.log Command line argument: -Dcatalina.home=/home/roy/Codes/Monographic/jpetstore-6/main/target/cargo/installs/apache-tomcat-9.0.70/apache-tomcat-9.0.70
04-Jun-2023 23:26:17.737 INFO [main] org.apache.catalina.startup.VersionLoggerListener.log Command line argument: -Djava.io.tmpdir=/home/roy/Codes/Monographic/jpetstore-6/main/target/cargo/installs/apache-tomcat-9.0.70/apache-tomcat-9.0.70/temp
04-Jun-2023 23:26:17.742 INFO [main] org.apache.catalina.core.AprLifecycleListener.lifecycleEvent The Apache Tomcat Native library which allows using OpenSSL was not found on the java.library.path: [/usr/java/packages/lib:/usr/lib/x86_64-linux-gnu/jni:/lib/x86_64-linux-gnu:/usr/lib/x86_64-linux-gnu:/usr/lib/jni:/lib:/usr/lib]
04-Jun-2023 23:26:18.813 INFO [main] org.apache.coyote.AbstractProtocol.init Initializing ProtocolHandler ["http-nio-8080"]
04-Jun-2023 23:26:18.882 INFO [main] org.apache.catalina.startup.Catalina.load Server initialization in [2236] milliseconds
04-Jun-2023 23:26:19.101 INFO [main] org.apache.catalina.core.StandardService.startInternal Starting service [Catalina]
04-Jun-2023 23:26:19.102 INFO [main] org.apache.catalina.core.StandardEngine.startInternal Starting Servlet engine: [Apache Tomcat/9.0.70]
04-Jun-2023 23:26:19.303 INFO [main] org.apache.catalina.startup.HostConfig.deployWAR Deploying web application archive [/home/roy/Codes/Monographic/jpetstore-6/main/target/cargo/installs/apache-tomcat-9.0.70/apache-tomcat-9.0.70/webapps/jpetstore.war]
04-Jun-2023 23:26:22.089 INFO [main] org.apache.jasper.servlet.TldScanner.scanJars At least one JAR was scanned for TLDs yet contained no TLDs. Enable debug logging for this logger for a complete list of JARs that were scanned but no TLDs were found in them. Skipping unneeded JARs during scanning can improve startup time and JSP compilation time.
[main] INFO org.springframework.web.context.ContextLoader - Root WebApplicationContext: initialization started
[main] INFO org.springframework.web.context.ContextLoader - Root WebApplicationContext initialized in 2496 ms
[main] INFO net.sourceforge.stripes.vfs.VFS - Using VFS adapter net.sourceforge.stripes.vfs.DefaultVFS
[main] INFO net.sourceforge.stripes.localization.DefaultLocalePicker - No locale list specified, defaulting to single locale: en_US
[main] WARN net.sourceforge.stripes.controller.multipart.DefaultMultipartWrapperFactory - No MultipartWrapper implementation could be loaded
[main] INFO net.sourceforge.stripes.controller.StripesFilter - Stripes Initialization Complete. Version: 1.6.0, Build: 1.6.0
04-Jun-2023 23:26:25.648 INFO [main] org.apache.catalina.startup.HostConfig.deployWAR Deployment of web application archive [/home/roy/Codes/Monographic/jpetstore-6/main/target/cargo/installs/apache-tomcat-9.0.70/apache-tomcat-9.0.70/webapps/jpetstore.war] has finished in [6,344] ms
04-Jun-2023 23:26:25.656 INFO [main] org.apache.catalina.startup.HostConfig.deployDirectory Deploying web application directory [/home/roy/Codes/Monographic/jpetstore-6/main/target/cargo/installs/apache-tomcat-9.0.70/apache-tomcat-9.0.70/webapps/host-manager]
04-Jun-2023 23:26:25.721 INFO [main] org.apache.catalina.startup.HostConfig.deployDirectory Deployment of web application directory [/home/roy/Codes/Monographic/jpetstore-6/main/target/cargo/installs/apache-tomcat-9.0.70/apache-tomcat-9.0.70/webapps/host-manager] has finished in [65] ms
04-Jun-2023 23:26:25.722 INFO [main] org.apache.catalina.startup.HostConfig.deployDirectory Deploying web application directory [/home/roy/Codes/Monographic/jpetstore-6/main/target/cargo/installs/apache-tomcat-9.0.70/apache-tomcat-9.0.70/webapps/manager]
04-Jun-2023 23:26:25.746 INFO [main] org.apache.catalina.startup.HostConfig.deployDirectory Deployment of web application directory [/home/roy/Codes/Monographic/jpetstore-6/main/target/cargo/installs/apache-tomcat-9.0.70/apache-tomcat-9.0.70/webapps/manager] has finished in [24] ms
04-Jun-2023 23:26:25.746 INFO [main] org.apache.catalina.startup.HostConfig.deployDirectory Deploying web application directory [/home/roy/Codes/Monographic/jpetstore-6/main/target/cargo/installs/apache-tomcat-9.0.70/apache-tomcat-9.0.70/webapps/ROOT]
04-Jun-2023 23:26:25.762 INFO [main] org.apache.catalina.startup.HostConfig.deployDirectory Deployment of web application directory [/home/roy/Codes/Monographic/jpetstore-6/main/target/cargo/installs/apache-tomcat-9.0.70/apache-tomcat-9.0.70/webapps/ROOT] has finished in [16] ms
04-Jun-2023 23:26:25.763 INFO [main] org.apache.catalina.startup.HostConfig.deployDirectory Deploying web application directory [/home/roy/Codes/Monographic/jpetstore-6/main/target/cargo/installs/apache-tomcat-9.0.70/apache-tomcat-9.0.70/webapps/docs]
04-Jun-2023 23:26:25.778 INFO [main] org.apache.catalina.startup.HostConfig.deployDirectory Deployment of web application directory [/home/roy/Codes/Monographic/jpetstore-6/main/target/cargo/installs/apache-tomcat-9.0.70/apache-tomcat-9.0.70/webapps/docs] has finished in [15] ms
04-Jun-2023 23:26:25.778 INFO [main] org.apache.catalina.startup.HostConfig.deployDirectory Deploying web application directory [/home/roy/Codes/Monographic/jpetstore-6/main/target/cargo/installs/apache-tomcat-9.0.70/apache-tomcat-9.0.70/webapps/examples]
04-Jun-2023 23:26:26.062 INFO [main] org.apache.catalina.startup.HostConfig.deployDirectory Deployment of web application directory [/home/roy/Codes/Monographic/jpetstore-6/main/target/cargo/installs/apache-tomcat-9.0.70/apache-tomcat-9.0.70/webapps/examples] has finished in [284] ms
04-Jun-2023 23:26:26.073 INFO [main] org.apache.coyote.AbstractProtocol.start Starting ProtocolHandler ["http-nio-8080"]
04-Jun-2023 23:26:26.133 INFO [main] org.apache.catalina.startup.Catalina.start Server startup in [7248] milliseconds
[otel.javaagent 2023-06-04 23:26:31:908 +0800] [OkHttp http://localhost:14250/...] ERROR io.opentelemetry.exporter.internal.grpc.OkHttpGrpcExporter - Failed to export spans. The request could not be executed. Full error message: Failed to connect to localhost/127.0.0.1:14250
[otel.javaagent 2023-06-04 23:27:11:846 +0800] [OkHttp http://localhost:4317/...] ERROR io.opentelemetry.exporter.internal.grpc.OkHttpGrpcExporter - Failed to export metrics. Server responded with UNIMPLEMENTED. This usually means that your collector is not configured with an otlp receiver in the "pipelines" section of the configuration. If export is not desired and you are using OpenTelemetry autoconfiguration or the javaagent, disable export by setting OTEL_METRICS_EXPORTER=none. Full error message: unknown service opentelemetry.proto.collector.metrics.v1.MetricsService
[http-nio-8080-exec-5] INFO net.sourceforge.stripes.validation.expression.ExpressionValidator - Expression validation will be performed using: net.sourceforge.stripes.validation.expression.Jsp21ExpressionExecutor
