25-May-2023 17:08:27.253 INFO [main] org.apache.catalina.startup.VersionLoggerListener.log Server version name:   Apache Tomcat/9.0.70
25-May-2023 17:08:27.261 INFO [main] org.apache.catalina.startup.VersionLoggerListener.log Server built:          Dec 1 2022 14:05:47 UTC
25-May-2023 17:08:27.262 INFO [main] org.apache.catalina.startup.VersionLoggerListener.log Server version number: 9.0.70.0
25-May-2023 17:08:27.262 INFO [main] org.apache.catalina.startup.VersionLoggerListener.log OS Name:               Linux
25-May-2023 17:08:27.263 INFO [main] org.apache.catalina.startup.VersionLoggerListener.log OS Version:            5.19.0-41-generic
25-May-2023 17:08:27.263 INFO [main] org.apache.catalina.startup.VersionLoggerListener.log Architecture:          amd64
25-May-2023 17:08:27.263 INFO [main] org.apache.catalina.startup.VersionLoggerListener.log Java Home:             /usr/lib/jvm/java-19-openjdk-amd64
25-May-2023 17:08:27.263 INFO [main] org.apache.catalina.startup.VersionLoggerListener.log JVM Version:           19.0.2+7-Ubuntu-0ubuntu322.04
25-May-2023 17:08:27.263 INFO [main] org.apache.catalina.startup.VersionLoggerListener.log JVM Vendor:            Private Build
25-May-2023 17:08:27.263 INFO [main] org.apache.catalina.startup.VersionLoggerListener.log CATALINA_BASE:         /home/roy/Codes/Monographic/jpetstore-6/main/target/cargo/installs/apache-tomcat-9.0.70/apache-tomcat-9.0.70
25-May-2023 17:08:27.263 INFO [main] org.apache.catalina.startup.VersionLoggerListener.log CATALINA_HOME:         /home/roy/Codes/Monographic/jpetstore-6/main/target/cargo/installs/apache-tomcat-9.0.70/apache-tomcat-9.0.70
25-May-2023 17:08:27.264 INFO [main] org.apache.catalina.startup.VersionLoggerListener.log Command line argument: --add-opens=java.base/java.lang=ALL-UNNAMED
25-May-2023 17:08:27.264 INFO [main] org.apache.catalina.startup.VersionLoggerListener.log Command line argument: --add-opens=java.base/java.io=ALL-UNNAMED
25-May-2023 17:08:27.264 INFO [main] org.apache.catalina.startup.VersionLoggerListener.log Command line argument: --add-opens=java.base/java.util=ALL-UNNAMED
25-May-2023 17:08:27.264 INFO [main] org.apache.catalina.startup.VersionLoggerListener.log Command line argument: --add-opens=java.base/java.util.concurrent=ALL-UNNAMED
25-May-2023 17:08:27.264 INFO [main] org.apache.catalina.startup.VersionLoggerListener.log Command line argument: --add-opens=java.rmi/sun.rmi.transport=ALL-UNNAMED
25-May-2023 17:08:27.264 INFO [main] org.apache.catalina.startup.VersionLoggerListener.log Command line argument: -Djava.util.logging.config.file=/home/roy/Codes/Monographic/jpetstore-6/main/target/cargo/installs/apache-tomcat-9.0.70/apache-tomcat-9.0.70/conf/logging.properties
25-May-2023 17:08:27.264 INFO [main] org.apache.catalina.startup.VersionLoggerListener.log Command line argument: -Djava.util.logging.manager=org.apache.juli.ClassLoaderLogManager
25-May-2023 17:08:27.264 INFO [main] org.apache.catalina.startup.VersionLoggerListener.log Command line argument: -Djdk.tls.ephemeralDHKeySize=2048
25-May-2023 17:08:27.264 INFO [main] org.apache.catalina.startup.VersionLoggerListener.log Command line argument: -Djava.protocol.handler.pkgs=org.apache.catalina.webresources
25-May-2023 17:08:27.265 INFO [main] org.apache.catalina.startup.VersionLoggerListener.log Command line argument: -Dorg.apache.catalina.security.SecurityListener.UMASK=0027
25-May-2023 17:08:27.265 INFO [main] org.apache.catalina.startup.VersionLoggerListener.log Command line argument: -javaagent:./opentelemetry-javaagent.jar
25-May-2023 17:08:27.265 INFO [main] org.apache.catalina.startup.VersionLoggerListener.log Command line argument: -Dignore.endorsed.dirs=
25-May-2023 17:08:27.265 INFO [main] org.apache.catalina.startup.VersionLoggerListener.log Command line argument: -Dcatalina.base=/home/roy/Codes/Monographic/jpetstore-6/main/target/cargo/installs/apache-tomcat-9.0.70/apache-tomcat-9.0.70
25-May-2023 17:08:27.265 INFO [main] org.apache.catalina.startup.VersionLoggerListener.log Command line argument: -Dcatalina.home=/home/roy/Codes/Monographic/jpetstore-6/main/target/cargo/installs/apache-tomcat-9.0.70/apache-tomcat-9.0.70
25-May-2023 17:08:27.265 INFO [main] org.apache.catalina.startup.VersionLoggerListener.log Command line argument: -Djava.io.tmpdir=/home/roy/Codes/Monographic/jpetstore-6/main/target/cargo/installs/apache-tomcat-9.0.70/apache-tomcat-9.0.70/temp
25-May-2023 17:08:27.267 INFO [main] org.apache.catalina.core.AprLifecycleListener.lifecycleEvent The Apache Tomcat Native library which allows using OpenSSL was not found on the java.library.path: [/usr/java/packages/lib:/usr/lib/x86_64-linux-gnu/jni:/lib/x86_64-linux-gnu:/usr/lib/x86_64-linux-gnu:/usr/lib/jni:/lib:/usr/lib]
25-May-2023 17:08:28.865 INFO [main] org.apache.coyote.AbstractProtocol.init Initializing ProtocolHandler ["http-nio-8080"]
25-May-2023 17:08:29.183 INFO [main] org.apache.catalina.startup.Catalina.load Server initialization in [3084] milliseconds
25-May-2023 17:08:29.688 INFO [main] org.apache.catalina.core.StandardService.startInternal Starting service [Catalina]
25-May-2023 17:08:29.689 INFO [main] org.apache.catalina.core.StandardEngine.startInternal Starting Servlet engine: [Apache Tomcat/9.0.70]
25-May-2023 17:08:29.760 INFO [main] org.apache.catalina.startup.HostConfig.deployWAR Deploying web application archive [/home/roy/Codes/Monographic/jpetstore-6/main/target/cargo/installs/apache-tomcat-9.0.70/apache-tomcat-9.0.70/webapps/jpetstore.war]
25-May-2023 17:08:36.774 INFO [main] org.apache.jasper.servlet.TldScanner.scanJars At least one JAR was scanned for TLDs yet contained no TLDs. Enable debug logging for this logger for a complete list of JARs that were scanned but no TLDs were found in them. Skipping unneeded JARs during scanning can improve startup time and JSP compilation time.
25-May-2023 17:08:40.405 INFO [main] org.apache.catalina.startup.HostConfig.deployWAR Deployment of web application archive [/home/roy/Codes/Monographic/jpetstore-6/main/target/cargo/installs/apache-tomcat-9.0.70/apache-tomcat-9.0.70/webapps/jpetstore.war] has finished in [10,645] ms
25-May-2023 17:08:40.419 INFO [main] org.apache.catalina.startup.HostConfig.deployDirectory Deploying web application directory [/home/roy/Codes/Monographic/jpetstore-6/main/target/cargo/installs/apache-tomcat-9.0.70/apache-tomcat-9.0.70/webapps/host-manager]
25-May-2023 17:08:40.476 INFO [main] org.apache.catalina.startup.HostConfig.deployDirectory Deployment of web application directory [/home/roy/Codes/Monographic/jpetstore-6/main/target/cargo/installs/apache-tomcat-9.0.70/apache-tomcat-9.0.70/webapps/host-manager] has finished in [56] ms
25-May-2023 17:08:40.476 INFO [main] org.apache.catalina.startup.HostConfig.deployDirectory Deploying web application directory [/home/roy/Codes/Monographic/jpetstore-6/main/target/cargo/installs/apache-tomcat-9.0.70/apache-tomcat-9.0.70/webapps/manager]
25-May-2023 17:08:40.498 INFO [main] org.apache.catalina.startup.HostConfig.deployDirectory Deployment of web application directory [/home/roy/Codes/Monographic/jpetstore-6/main/target/cargo/installs/apache-tomcat-9.0.70/apache-tomcat-9.0.70/webapps/manager] has finished in [22] ms
25-May-2023 17:08:40.499 INFO [main] org.apache.catalina.startup.HostConfig.deployDirectory Deploying web application directory [/home/roy/Codes/Monographic/jpetstore-6/main/target/cargo/installs/apache-tomcat-9.0.70/apache-tomcat-9.0.70/webapps/ROOT]
25-May-2023 17:08:40.545 INFO [main] org.apache.catalina.startup.HostConfig.deployDirectory Deployment of web application directory [/home/roy/Codes/Monographic/jpetstore-6/main/target/cargo/installs/apache-tomcat-9.0.70/apache-tomcat-9.0.70/webapps/ROOT] has finished in [46] ms
25-May-2023 17:08:40.546 INFO [main] org.apache.catalina.startup.HostConfig.deployDirectory Deploying web application directory [/home/roy/Codes/Monographic/jpetstore-6/main/target/cargo/installs/apache-tomcat-9.0.70/apache-tomcat-9.0.70/webapps/docs]
25-May-2023 17:08:40.569 INFO [main] org.apache.catalina.startup.HostConfig.deployDirectory Deployment of web application directory [/home/roy/Codes/Monographic/jpetstore-6/main/target/cargo/installs/apache-tomcat-9.0.70/apache-tomcat-9.0.70/webapps/docs] has finished in [22] ms
25-May-2023 17:08:40.569 INFO [main] org.apache.catalina.startup.HostConfig.deployDirectory Deploying web application directory [/home/roy/Codes/Monographic/jpetstore-6/main/target/cargo/installs/apache-tomcat-9.0.70/apache-tomcat-9.0.70/webapps/examples]
25-May-2023 17:08:41.261 INFO [main] org.apache.catalina.startup.HostConfig.deployDirectory Deployment of web application directory [/home/roy/Codes/Monographic/jpetstore-6/main/target/cargo/installs/apache-tomcat-9.0.70/apache-tomcat-9.0.70/webapps/examples] has finished in [692] ms
25-May-2023 17:08:41.283 INFO [main] org.apache.coyote.AbstractProtocol.start Starting ProtocolHandler ["http-nio-8080"]
25-May-2023 17:08:41.374 INFO [main] org.apache.catalina.startup.Catalina.start Server startup in [12144] milliseconds
